<?xml version="1.0" encoding="UTF-8"?>
<testng-results ignored="0" total="6" passed="6" failed="0" skipped="0">
  <reporter-output>
  </reporter-output>
  <suite started-at="2024-03-25T10:49:53 IST" name="Default suite" finished-at="2024-03-25T10:51:00 IST" duration-ms="66718">
    <groups>
    </groups>
    <test started-at="2024-03-25T10:49:53 IST" name="Default test" finished-at="2024-03-25T10:51:00 IST" duration-ms="66718">
      <class name="com.test.Registration_Sanity.Registration_activty">
        <test-method is-config="true" signature="setup()[pri:0, instance:com.test.Registration_Sanity.Registration_activty@36916eb0]" started-at="2024-03-25T10:49:53 IST" name="setup" finished-at="2024-03-25T10:49:54 IST" duration-ms="829" status="PASS">
          <reporter-output>
          </reporter-output>
        </test-method> <!-- setup -->
        <test-method signature="login()[pri:1, instance:com.test.Registration_Sanity.Registration_activty@36916eb0]" started-at="2024-03-25T10:49:54 IST" name="login" finished-at="2024-03-25T10:50:08 IST" duration-ms="14286" status="PASS">
          <reporter-output>
          </reporter-output>
        </test-method> <!-- login -->
        <test-method signature="brain_search()[pri:2, instance:com.test.Registration_Sanity.Registration_activty@36916eb0]" started-at="2024-03-25T10:50:08 IST" name="brain_search" finished-at="2024-03-25T10:50:26 IST" duration-ms="17280" status="PASS">
          <reporter-output>
          </reporter-output>
        </test-method> <!-- brain_search -->
        <test-method signature="activity_Search()[pri:3, instance:com.test.Registration_Sanity.Registration_activty@36916eb0]" started-at="2024-03-25T10:50:26 IST" name="activity_Search" finished-at="2024-03-25T10:50:44 IST" duration-ms="18545" status="PASS">
          <reporter-output>
          </reporter-output>
        </test-method> <!-- activity_Search -->
        <test-method signature="userName()[pri:4, instance:com.test.Registration_Sanity.Registration_activty@36916eb0]" started-at="2024-03-25T10:50:44 IST" name="userName" finished-at="2024-03-25T10:50:49 IST" duration-ms="4351" status="PASS">
          <reporter-output>
          </reporter-output>
        </test-method> <!-- userName -->
        <test-method signature="Action()[pri:5, instance:com.test.Registration_Sanity.Registration_activty@36916eb0]" started-at="2024-03-25T10:50:49 IST" name="Action" finished-at="2024-03-25T10:50:53 IST" duration-ms="4107" status="PASS">
          <reporter-output>
          </reporter-output>
        </test-method> <!-- Action -->
        <test-method signature="Info()[pri:6, instance:com.test.Registration_Sanity.Registration_activty@36916eb0]" started-at="2024-03-25T10:50:53 IST" name="Info" finished-at="2024-03-25T10:51:00 IST" duration-ms="7107" status="PASS">
          <reporter-output>
          </reporter-output>
        </test-method> <!-- Info -->
        <test-method is-config="true" signature="afterTest()[pri:0, instance:com.test.Registration_Sanity.Registration_activty@36916eb0]" started-at="2024-03-25T10:51:00 IST" name="afterTest" finished-at="2024-03-25T10:51:00 IST" duration-ms="174" status="PASS">
          <reporter-output>
          </reporter-output>
        </test-method> <!-- afterTest -->
      </class> <!-- com.test.Registration_Sanity.Registration_activty -->
    </test> <!-- Default test -->
  </suite> <!-- Default suite -->
</testng-results>
