<?xml version="1.0" encoding="UTF-8"?>
<testng-results ignored="0" total="1" passed="1" failed="0" skipped="0">
  <reporter-output>
  </reporter-output>
  <suite started-at="2024-03-13T10:03:17 IST" name="Default suite" finished-at="2024-03-13T10:03:18 IST" duration-ms="1810">
    <groups>
    </groups>
    <test started-at="2024-03-13T10:03:17 IST" name="Default test" finished-at="2024-03-13T10:03:18 IST" duration-ms="1810">
      <class name="com.test.Registration_Sanity.Today_activity">
        <test-method signature="testDB()[pri:0, instance:com.test.Registration_Sanity.Today_activity@56cdfb3b]" started-at="2024-03-13T10:03:17 IST" name="testDB" finished-at="2024-03-13T10:03:18 IST" duration-ms="1794" status="PASS">
          <reporter-output>
          </reporter-output>
        </test-method> <!-- testDB -->
      </class> <!-- com.test.Registration_Sanity.Today_activity -->
    </test> <!-- Default test -->
  </suite> <!-- Default suite -->
</testng-results>
